2021-11-23 00:14:00,903 [INFO] Activator:177 - 


2021-11-23 00:14:00,905 [INFO] Activator:178 - !SESSION log4j initialized
2021-11-23 00:14:15,056 [INFO] McuFinderGlobals:39 - Set McuFinder mode to 2 (CubeIDE integrated)
2021-11-23 00:14:15,273 [INFO] ApplicationProperties:181 - Using Application install path: C:\ST\STM32CubeIDE_1.7.0\STM32CubeIDE\plugins\com.st.stm32cube.common.mx_6.3.0.202107141111
2021-11-23 00:14:15,284 [INFO] DbMcusXml:74 - Set database path to: C:\ST\STM32CubeIDE_1.7.0\STM32CubeIDE\plugins\com.st.stm32cube.common.mx_6.3.0.202107141111\\db\/mcu/
2021-11-23 00:14:15,288 [INFO] DbBoardsPdsc:56 - Set plugin database path to: C:\ST\STM32CubeIDE_1.7.0\STM32CubeIDE\plugins\com.st.stm32cube.common.mx_6.3.0.202107141111\\db\/plugins/boardmanager/
2021-11-23 00:14:15,289 [INFO] DbMcus:258 - Set plugin images path to: C:\ST\STM32CubeIDE_1.7.0\STM32CubeIDE\plugins\com.st.stm32cube.common.mx_6.3.0.202107141111\\db\/plugins/mcufinder/images/
2021-11-23 00:14:15,289 [INFO] DbBoards:264 - Set plugin images path to: C:\ST\STM32CubeIDE_1.7.0\STM32CubeIDE\plugins\com.st.stm32cube.common.mx_6.3.0.202107141111\\db\/plugins/mcufinder/images/
2021-11-23 00:14:15,292 [INFO] DbExamples:333 - Set plugin images path to: C:\ST\STM32CubeIDE_1.7.0\STM32CubeIDE\plugins\com.st.stm32cube.common.mx_6.3.0.202107141111\\db\/plugins/mcufinder/images/
2021-11-23 00:14:15,298 [INFO] DbMcusAds:119 - Set database path to: C:\Users\Àðò¸ì\.stmcufinder\plugins\mcufinder//mcu/
2021-11-23 00:14:15,299 [INFO] DbMcusDocs:110 - Set database path to: C:\Users\Àðò¸ì\.stmcufinder\plugins\mcufinder//mcu/
2021-11-23 00:14:15,301 [INFO] DbMcusJson:64 - Set database path to: C:\Users\Àðò¸ì\.stmcufinder\plugins\mcufinder//mcu/
2021-11-23 00:14:15,302 [INFO] DbBoardsDocs:110 - Set database path to: C:\Users\Àðò¸ì\.stmcufinder\plugins\mcufinder//mcu/
2021-11-23 00:14:15,303 [INFO] DbBoardsJson:57 - Set database path to: C:\Users\Àðò¸ì\.stmcufinder\plugins\mcufinder//mcu/
2021-11-23 00:14:15,310 [INFO] CrossReferenceDbSqlite:196 - Set database path to: C:\Users\Àðò¸ì\.stmcufinder\plugins\mcufinder//mcu/cs/
2021-11-23 00:14:15,314 [INFO] DbExamplesSqlite:767 - Set database path to: C:\Users\Àðò¸ì\.stmcufinder\plugins\mcufinder//mcu/
2021-11-23 00:14:15,423 [INFO] RulesReader:57 - Compatibility file has been processed (242 Rules)
2021-11-23 00:14:15,525 [INFO] DbMcusXml:74 - Set database path to: C:\ST\STM32CubeIDE_1.7.0\STM32CubeIDE\plugins\com.st.stm32cube.common.mx_6.3.0.202107141111\\db\/mcu/
2021-11-23 00:14:15,526 [INFO] DbBoardsPdsc:56 - Set plugin database path to: C:\ST\STM32CubeIDE_1.7.0\STM32CubeIDE\plugins\com.st.stm32cube.common.mx_6.3.0.202107141111\\db\/plugins/boardmanager/
2021-11-23 00:14:15,526 [INFO] DbMcus:258 - Set plugin images path to: C:\ST\STM32CubeIDE_1.7.0\STM32CubeIDE\plugins\com.st.stm32cube.common.mx_6.3.0.202107141111\\db\/plugins/mcufinder/images/
2021-11-23 00:14:15,527 [INFO] DbBoards:264 - Set plugin images path to: C:\ST\STM32CubeIDE_1.7.0\STM32CubeIDE\plugins\com.st.stm32cube.common.mx_6.3.0.202107141111\\db\/plugins/mcufinder/images/
2021-11-23 00:14:15,527 [INFO] DbExamples:333 - Set plugin images path to: C:\ST\STM32CubeIDE_1.7.0\STM32CubeIDE\plugins\com.st.stm32cube.common.mx_6.3.0.202107141111\\db\/plugins/mcufinder/images/
2021-11-23 00:14:15,527 [WARN] DbFile:35 - Overriding database path with different value: C:\Users\Àðò¸ì\.stmcufinder\plugins\mcufinder/ => C:\Users\Àðò¸ì\.stmcufinder\plugins\mcufinder
2021-11-23 00:14:15,527 [INFO] DbMcusAds:119 - Set database path to: C:\Users\Àðò¸ì\.stmcufinder\plugins\mcufinder//mcu/
2021-11-23 00:14:15,527 [WARN] DbFile:35 - Overriding database path with different value: C:\Users\Àðò¸ì\.stmcufinder\plugins\mcufinder/ => C:\Users\Àðò¸ì\.stmcufinder\plugins\mcufinder
2021-11-23 00:14:15,527 [INFO] DbMcusDocs:110 - Set database path to: C:\Users\Àðò¸ì\.stmcufinder\plugins\mcufinder//mcu/
2021-11-23 00:14:15,528 [WARN] DbFile:35 - Overriding database path with different value: C:\Users\Àðò¸ì\.stmcufinder\plugins\mcufinder/ => C:\Users\Àðò¸ì\.stmcufinder\plugins\mcufinder
2021-11-23 00:14:15,528 [INFO] DbMcusJson:64 - Set database path to: C:\Users\Àðò¸ì\.stmcufinder\plugins\mcufinder//mcu/
2021-11-23 00:14:15,528 [WARN] DbFile:35 - Overriding database path with different value: C:\Users\Àðò¸ì\.stmcufinder\plugins\mcufinder/ => C:\Users\Àðò¸ì\.stmcufinder\plugins\mcufinder
2021-11-23 00:14:15,529 [INFO] DbBoardsDocs:110 - Set database path to: C:\Users\Àðò¸ì\.stmcufinder\plugins\mcufinder//mcu/
2021-11-23 00:14:15,529 [WARN] DbFile:35 - Overriding database path with different value: C:\Users\Àðò¸ì\.stmcufinder\plugins\mcufinder/ => C:\Users\Àðò¸ì\.stmcufinder\plugins\mcufinder
2021-11-23 00:14:15,529 [INFO] DbBoardsJson:57 - Set database path to: C:\Users\Àðò¸ì\.stmcufinder\plugins\mcufinder//mcu/
2021-11-23 00:14:15,529 [WARN] DbFile:35 - Overriding database path with different value: C:\Users\Àðò¸ì\.stmcufinder\plugins\mcufinder/ => C:\Users\Àðò¸ì\.stmcufinder\plugins\mcufinder
2021-11-23 00:14:15,529 [WARN] DbFile:35 - Overriding database path with different value: C:\Users\Àðò¸ì\.stmcufinder\plugins\mcufinder/ => C:\Users\Àðò¸ì\.stmcufinder\plugins\mcufinder
2021-11-23 00:14:15,529 [INFO] CrossReferenceDbSqlite:196 - Set database path to: C:\Users\Àðò¸ì\.stmcufinder\plugins\mcufinder//mcu/cs/
2021-11-23 00:14:15,530 [WARN] DbFile:35 - Overriding database path with different value: C:\Users\Àðò¸ì\.stmcufinder\plugins\mcufinder/ => C:\Users\Àðò¸ì\.stmcufinder\plugins\mcufinder
2021-11-23 00:14:15,530 [INFO] DbExamplesSqlite:767 - Set database path to: C:\Users\Àðò¸ì\.stmcufinder\plugins\mcufinder//mcu/
2021-11-23 00:14:15,602 [INFO] MainPanel:214 - HeapMemory: 268435456
2021-11-23 00:14:15,676 [INFO] DbMcusXml:74 - Set database path to: C:\ST\STM32CubeIDE_1.7.0\STM32CubeIDE\plugins\com.st.stm32cube.common.mx_6.3.0.202107141111\\db\/mcu/
2021-11-23 00:14:15,676 [INFO] DbBoardsPdsc:56 - Set plugin database path to: C:\ST\STM32CubeIDE_1.7.0\STM32CubeIDE\plugins\com.st.stm32cube.common.mx_6.3.0.202107141111\\db\/plugins/boardmanager/
2021-11-23 00:14:15,677 [INFO] DbMcus:258 - Set plugin images path to: C:\ST\STM32CubeIDE_1.7.0\STM32CubeIDE\plugins\com.st.stm32cube.common.mx_6.3.0.202107141111\\db\/plugins/mcufinder/images/
2021-11-23 00:14:15,677 [INFO] DbBoards:264 - Set plugin images path to: C:\ST\STM32CubeIDE_1.7.0\STM32CubeIDE\plugins\com.st.stm32cube.common.mx_6.3.0.202107141111\\db\/plugins/mcufinder/images/
2021-11-23 00:14:15,677 [INFO] DbExamples:333 - Set plugin images path to: C:\ST\STM32CubeIDE_1.7.0\STM32CubeIDE\plugins\com.st.stm32cube.common.mx_6.3.0.202107141111\\db\/plugins/mcufinder/images/
2021-11-23 00:14:15,677 [WARN] DbFile:35 - Overriding database path with different value: C:\Users\Àðò¸ì\.stmcufinder\plugins\mcufinder/ => C:\Users\Àðò¸ì\.stmcufinder\plugins\mcufinder
2021-11-23 00:14:15,677 [INFO] DbMcusAds:119 - Set database path to: C:\Users\Àðò¸ì\.stmcufinder\plugins\mcufinder//mcu/
2021-11-23 00:14:15,678 [WARN] DbFile:35 - Overriding database path with different value: C:\Users\Àðò¸ì\.stmcufinder\plugins\mcufinder/ => C:\Users\Àðò¸ì\.stmcufinder\plugins\mcufinder
2021-11-23 00:14:15,678 [INFO] DbMcusDocs:110 - Set database path to: C:\Users\Àðò¸ì\.stmcufinder\plugins\mcufinder//mcu/
2021-11-23 00:14:15,678 [WARN] DbFile:35 - Overriding database path with different value: C:\Users\Àðò¸ì\.stmcufinder\plugins\mcufinder/ => C:\Users\Àðò¸ì\.stmcufinder\plugins\mcufinder
2021-11-23 00:14:15,678 [INFO] DbMcusJson:64 - Set database path to: C:\Users\Àðò¸ì\.stmcufinder\plugins\mcufinder//mcu/
2021-11-23 00:14:15,678 [WARN] DbFile:35 - Overriding database path with different value: C:\Users\Àðò¸ì\.stmcufinder\plugins\mcufinder/ => C:\Users\Àðò¸ì\.stmcufinder\plugins\mcufinder
2021-11-23 00:14:15,678 [INFO] DbBoardsDocs:110 - Set database path to: C:\Users\Àðò¸ì\.stmcufinder\plugins\mcufinder//mcu/
2021-11-23 00:14:15,678 [WARN] DbFile:35 - Overriding database path with different value: C:\Users\Àðò¸ì\.stmcufinder\plugins\mcufinder/ => C:\Users\Àðò¸ì\.stmcufinder\plugins\mcufinder
2021-11-23 00:14:15,678 [INFO] DbBoardsJson:57 - Set database path to: C:\Users\Àðò¸ì\.stmcufinder\plugins\mcufinder//mcu/
2021-11-23 00:14:15,679 [WARN] DbFile:35 - Overriding database path with different value: C:\Users\Àðò¸ì\.stmcufinder\plugins\mcufinder/ => C:\Users\Àðò¸ì\.stmcufinder\plugins\mcufinder
2021-11-23 00:14:15,679 [WARN] DbFile:35 - Overriding database path with different value: C:\Users\Àðò¸ì\.stmcufinder\plugins\mcufinder/ => C:\Users\Àðò¸ì\.stmcufinder\plugins\mcufinder
2021-11-23 00:14:15,679 [INFO] CrossReferenceDbSqlite:196 - Set database path to: C:\Users\Àðò¸ì\.stmcufinder\plugins\mcufinder//mcu/cs/
2021-11-23 00:14:15,679 [WARN] DbFile:35 - Overriding database path with different value: C:\Users\Àðò¸ì\.stmcufinder\plugins\mcufinder/ => C:\Users\Àðò¸ì\.stmcufinder\plugins\mcufinder
2021-11-23 00:14:15,679 [INFO] DbExamplesSqlite:767 - Set database path to: C:\Users\Àðò¸ì\.stmcufinder\plugins\mcufinder//mcu/
2021-11-23 00:14:15,700 [INFO] ApplicationProperties:181 - Using Application install path: C:\ST\STM32CubeIDE_1.7.0\STM32CubeIDE\plugins\com.st.stm32cube.common.mx_6.3.0.202107141111
2021-11-23 00:14:15,702 [INFO] PluginManage:188 - Search for loadable plugins [exclusion list=, ]
2021-11-23 00:14:15,703 [INFO] PluginManage:302 - Check plugin analytics
2021-11-23 00:14:15,887 [INFO] AnalyticsPlugin:257 - Accepted Software Licenses: 
2021-11-23 00:14:15,887 [INFO] AnalyticsPlugin:259 - Accepted CMSIS Pack Licenses: 
2021-11-23 00:14:15,888 [INFO] AnalyticsPlugin:261 - Accepted Firmware Licenses: 
2021-11-23 00:14:15,889 [INFO] PluginManage:352 - Loaded plugin analytics (category:tool,tabindex:-1)
2021-11-23 00:14:15,889 [INFO] PluginManage:302 - Check plugin clock
2021-11-23 00:14:15,901 [INFO] PluginManage:352 - Loaded plugin clock (category:base,tabindex:2)
2021-11-23 00:14:15,901 [INFO] PluginManage:302 - Check plugin ddr
2021-11-23 00:14:15,904 [INFO] PluginManage:352 - Loaded plugin ddr (category:tool,tabindex:6)
2021-11-23 00:14:15,904 [INFO] PluginManage:302 - Check plugin filemanager
2021-11-23 00:14:16,037 [INFO] PluginManage:352 - Loaded plugin filemanager (category:base,tabindex:10)
2021-11-23 00:14:16,038 [INFO] PluginManage:302 - Check plugin ipmanager
2021-11-23 00:14:16,048 [INFO] PluginManage:352 - Loaded plugin ipmanager (category:base,tabindex:5)
2021-11-23 00:14:16,048 [INFO] PluginManage:302 - Check plugin pinoutandconfiguration
2021-11-23 00:14:16,058 [INFO] PluginManage:352 - Loaded plugin pinoutandconfiguration (category:base,tabindex:1)
2021-11-23 00:14:16,058 [INFO] PluginManage:302 - Check plugin pinoutconfig
2021-11-23 00:14:16,090 [INFO] PluginManage:352 - Loaded plugin pinoutconfig (category:base,tabindex:0)
2021-11-23 00:14:16,090 [INFO] PluginManage:302 - Check plugin power
2021-11-23 00:14:16,101 [INFO] PluginManage:352 - Loaded plugin power (category:power,tabindex:4)
2021-11-23 00:14:16,101 [INFO] PluginManage:302 - Check plugin projectmanager
2021-11-23 00:14:16,165 [INFO] PluginManage:352 - Loaded plugin projectmanager (category:projectmanager,tabindex:3)
2021-11-23 00:14:16,165 [INFO] PluginManage:302 - Check plugin thirdparty
2021-11-23 00:14:16,307 [WARN] IntegrityCheckThread:78 - waiting for thirdparty lock release [integrity check]
2021-11-23 00:14:16,308 [INFO] IntegrityCheckThread:80 - entering critical section [integrity check]
2021-11-23 00:14:16,308 [INFO] PluginManage:352 - Loaded plugin thirdparty (category:base,tabindex:-1)
2021-11-23 00:14:16,308 [INFO] ThirdPartyUpdaterWithRetryManager:66 - Updater plugin not ready yet. [1/15]
2021-11-23 00:14:16,309 [INFO] PluginManage:302 - Check plugin tools
2021-11-23 00:14:16,311 [INFO] PluginManage:352 - Loaded plugin tools (category:base,tabindex:7)
2021-11-23 00:14:16,311 [INFO] PluginManage:302 - Check plugin tutovideos
2021-11-23 00:14:16,532 [INFO] PluginManage:352 - Loaded plugin tutovideos (category:base,tabindex:-1)
2021-11-23 00:14:16,532 [INFO] PluginManage:302 - Check plugin updater
2021-11-23 00:14:16,544 [INFO] PluginManage:352 - Loaded plugin updater (category:base,tabindex:12)
2021-11-23 00:14:16,544 [INFO] PluginManage:275 - PluginManage : Loaded plugins [13]
2021-11-23 00:14:16,740 [INFO] PinOutPanel:1463 - setPackage(No Configuration,No Configuration)
2021-11-23 00:14:16,844 [INFO] IPUIPlugin:74 - create IPUIPlugin
2021-11-23 00:14:16,845 [INFO] PluginManager:213 - loadIPPluginJar : add adc
2021-11-23 00:14:16,848 [INFO] IPUIPlugin:74 - create IPUIPlugin
2021-11-23 00:14:16,848 [INFO] PluginManager:213 - loadIPPluginJar : add aes
2021-11-23 00:14:16,851 [INFO] IPUIPlugin:74 - create IPUIPlugin
2021-11-23 00:14:16,851 [INFO] PluginManager:213 - loadIPPluginJar : add can
2021-11-23 00:14:16,853 [INFO] IPUIPlugin:74 - create IPUIPlugin
2021-11-23 00:14:16,853 [INFO] PluginManager:213 - loadIPPluginJar : add comp
2021-11-23 00:14:16,857 [INFO] IPUIPlugin:74 - create IPUIPlugin
2021-11-23 00:14:16,857 [INFO] PluginManager:213 - loadIPPluginJar : add cryp
2021-11-23 00:14:16,860 [INFO] IPUIPlugin:74 - create IPUIPlugin
2021-11-23 00:14:16,860 [INFO] PluginManager:213 - loadIPPluginJar : add dfsdm
2021-11-23 00:14:16,866 [INFO] IPUIPlugin:74 - create IPUIPlugin
2021-11-23 00:14:16,867 [INFO] PluginManager:213 - loadIPPluginJar : add dma
2021-11-23 00:14:16,870 [INFO] IPUIPlugin:74 - create IPUIPlugin
2021-11-23 00:14:16,870 [INFO] PluginManager:213 - loadIPPluginJar : add dma3
2021-11-23 00:14:16,872 [INFO] IPUIPlugin:74 - create IPUIPlugin
2021-11-23 00:14:16,873 [INFO] PluginManager:213 - loadIPPluginJar : add fatfs
2021-11-23 00:14:16,877 [INFO] IPUIPlugin:74 - create IPUIPlugin
2021-11-23 00:14:16,878 [INFO] PluginManager:213 - loadIPPluginJar : add fmc
2021-11-23 00:14:16,884 [INFO] IPUIPlugin:74 - create IPUIPlugin
2021-11-23 00:14:16,884 [INFO] PluginManager:213 - loadIPPluginJar : add freertos
2021-11-23 00:14:16,886 [INFO] IPUIPlugin:74 - create IPUIPlugin
2021-11-23 00:14:16,886 [INFO] PluginManager:213 - loadIPPluginJar : add genericplugin
2021-11-23 00:14:16,889 [INFO] IPUIPlugin:74 - create IPUIPlugin
2021-11-23 00:14:16,889 [INFO] PluginManager:213 - loadIPPluginJar : add gfxmmu
2021-11-23 00:14:16,895 [INFO] IPUIPlugin:74 - create IPUIPlugin
2021-11-23 00:14:16,895 [INFO] PluginManager:213 - loadIPPluginJar : add gic
2021-11-23 00:14:16,899 [INFO] IPUIPlugin:74 - create IPUIPlugin
2021-11-23 00:14:16,900 [INFO] PluginManager:213 - loadIPPluginJar : add gpio
2021-11-23 00:14:16,903 [INFO] IPUIPlugin:74 - create IPUIPlugin
2021-11-23 00:14:16,903 [INFO] PluginManager:213 - loadIPPluginJar : add gtzc
2021-11-23 00:14:16,906 [INFO] IPUIPlugin:74 - create IPUIPlugin
2021-11-23 00:14:16,906 [INFO] PluginManager:213 - loadIPPluginJar : add hash
2021-11-23 00:14:16,909 [INFO] IPUIPlugin:74 - create IPUIPlugin
2021-11-23 00:14:16,909 [INFO] PluginManager:213 - loadIPPluginJar : add i2c
2021-11-23 00:14:16,912 [INFO] IPUIPlugin:74 - create IPUIPlugin
2021-11-23 00:14:16,912 [INFO] PluginManager:213 - loadIPPluginJar : add i2s
2021-11-23 00:14:16,915 [INFO] IPUIPlugin:74 - create IPUIPlugin
2021-11-23 00:14:16,916 [INFO] PluginManager:213 - loadIPPluginJar : add ipddr
2021-11-23 00:14:16,953 [INFO] IPUIPlugin:74 - create IPUIPlugin
2021-11-23 00:14:16,953 [INFO] PluginManager:213 - loadIPPluginJar : add linkedlist
2021-11-23 00:14:16,958 [INFO] IPUIPlugin:74 - create IPUIPlugin
2021-11-23 00:14:16,959 [INFO] PluginManager:213 - loadIPPluginJar : add lorawan
2021-11-23 00:14:16,962 [INFO] IPUIPlugin:74 - create IPUIPlugin
2021-11-23 00:14:16,962 [INFO] PluginManager:213 - loadIPPluginJar : add ltdc
2021-11-23 00:14:16,973 [INFO] IPUIPlugin:74 - create IPUIPlugin
2021-11-23 00:14:16,974 [INFO] PluginManager:213 - loadIPPluginJar : add mdma
2021-11-23 00:14:16,980 [INFO] IPUIPlugin:74 - create IPUIPlugin
2021-11-23 00:14:16,980 [INFO] PluginManager:213 - loadIPPluginJar : add nvic
2021-11-23 00:14:16,986 [INFO] IPUIPlugin:74 - create IPUIPlugin
2021-11-23 00:14:16,986 [INFO] PluginManager:213 - loadIPPluginJar : add opamp
2021-11-23 00:14:16,991 [INFO] IPUIPlugin:74 - create IPUIPlugin
2021-11-23 00:14:16,991 [INFO] PluginManager:213 - loadIPPluginJar : add openamp
2021-11-23 00:14:16,996 [INFO] IPUIPlugin:74 - create IPUIPlugin
2021-11-23 00:14:16,997 [INFO] PluginManager:213 - loadIPPluginJar : add pdm2pcm
2021-11-23 00:14:17,005 [INFO] IPUIPlugin:74 - create IPUIPlugin
2021-11-23 00:14:17,010 [INFO] PluginManager:213 - loadIPPluginJar : add plateformsettings
2021-11-23 00:14:17,013 [INFO] IPUIPlugin:74 - create IPUIPlugin
2021-11-23 00:14:17,013 [INFO] PluginManager:213 - loadIPPluginJar : add quadspi
2021-11-23 00:14:17,018 [INFO] IPUIPlugin:74 - create IPUIPlugin
2021-11-23 00:14:17,019 [INFO] PluginManager:213 - loadIPPluginJar : add resmgrutility
2021-11-23 00:14:17,023 [INFO] IPUIPlugin:74 - create IPUIPlugin
2021-11-23 00:14:17,023 [INFO] PluginManager:213 - loadIPPluginJar : add sai
2021-11-23 00:14:17,027 [INFO] IPUIPlugin:74 - create IPUIPlugin
2021-11-23 00:14:17,027 [INFO] PluginManager:213 - loadIPPluginJar : add spi
2021-11-23 00:14:17,033 [INFO] IPUIPlugin:74 - create IPUIPlugin
2021-11-23 00:14:17,033 [INFO] PluginManager:213 - loadIPPluginJar : add stm32_wpan
2021-11-23 00:14:17,036 [INFO] IPUIPlugin:74 - create IPUIPlugin
2021-11-23 00:14:17,036 [INFO] PluginManager:213 - loadIPPluginJar : add tim
2021-11-23 00:14:17,040 [INFO] IPUIPlugin:74 - create IPUIPlugin
2021-11-23 00:14:17,040 [INFO] PluginManager:213 - loadIPPluginJar : add touchsensing
2021-11-23 00:14:17,043 [INFO] IPUIPlugin:74 - create IPUIPlugin
2021-11-23 00:14:17,043 [INFO] PluginManager:213 - loadIPPluginJar : add tracer_emb
2021-11-23 00:14:17,046 [INFO] IPUIPlugin:74 - create IPUIPlugin
2021-11-23 00:14:17,047 [INFO] PluginManager:213 - loadIPPluginJar : add ts
2021-11-23 00:14:17,049 [INFO] IPUIPlugin:74 - create IPUIPlugin
2021-11-23 00:14:17,050 [INFO] PluginManager:213 - loadIPPluginJar : add tsc
2021-11-23 00:14:17,052 [INFO] IPUIPlugin:74 - create IPUIPlugin
2021-11-23 00:14:17,053 [INFO] PluginManager:213 - loadIPPluginJar : add ucpd
2021-11-23 00:14:17,056 [INFO] IPUIPlugin:74 - create IPUIPlugin
2021-11-23 00:14:17,057 [INFO] PluginManager:213 - loadIPPluginJar : add usart
2021-11-23 00:14:17,060 [INFO] IPUIPlugin:74 - create IPUIPlugin
2021-11-23 00:14:17,061 [INFO] PluginManager:213 - loadIPPluginJar : add usbx
2021-11-23 00:14:17,408 [FATAL] Updater:294 - Updater called before beeing initialized
2021-11-23 00:14:17,535 [FATAL] Updater:294 - Updater called before beeing initialized
2021-11-23 00:14:17,540 [INFO] DbMcusAds:47 - JSON generation date=Tue May 11 21:32:49 ALMT 2021 (1620747169502)
2021-11-23 00:14:17,541 [FATAL] Updater:294 - Updater called before beeing initialized
2021-11-23 00:14:17,587 [WARN] DetailPanel:314 - Failed to get advertising image, set to default
2021-11-23 00:14:17,717 [FATAL] Updater:294 - Updater called before beeing initialized
2021-11-23 00:14:17,719 [FATAL] Updater:294 - Updater called before beeing initialized
2021-11-23 00:14:17,719 [FATAL] Updater:294 - Updater called before beeing initialized
2021-11-23 00:14:17,719 [WARN] DetailPanel:314 - Failed to get advertising image, set to default
2021-11-23 00:14:17,721 [FATAL] Updater:294 - Updater called before beeing initialized
2021-11-23 00:14:17,783 [ERROR] Updater:1075 - MainUpdater not yet initialized. External WinMGr cannot be set.
2021-11-23 00:14:17,786 [INFO] Updater:1012 - Updater Version found : 6.3.0
2021-11-23 00:14:17,805 [INFO] ApplicationProperties:181 - Using Application install path: C:\ST\STM32CubeIDE_1.7.0\STM32CubeIDE\plugins\com.st.stm32cube.common.mx_6.3.0.202107141111
2021-11-23 00:14:18,176 [INFO] MainUpdater:2671 - connection check result : 10
2021-11-23 00:14:18,177 [INFO] MainUpdater:265 - Updater Check For Update Now.
2021-11-23 00:14:18,177 [INFO] MicroXplorer:478 - Change Database Version : DB.6.0.30
2021-11-23 00:14:18,340 [INFO] CheckServerUpdateThread:112 - End of CheckServer Thread
2021-11-23 00:14:18,399 [INFO] MainUpdater:2671 - connection check result : 10
2021-11-23 00:14:18,404 [INFO] McuFinderGlobals:52 - Set McuFinderConnectedMode to true
2021-11-23 00:14:18,871 [INFO] ServerAccessManage:362 - Download File mcusAds.json._tmp_
2021-11-23 00:14:18,987 [INFO] LoadUrlFilesThread:145 - End of LoadUrlFiles Thread
2021-11-23 00:14:19,309 [WARN] MainUpdater:1122 - Updater busy. Cannot search thirdparties
2021-11-23 00:14:19,309 [INFO] ThirdPartyUpdaterWithRetryManager:92 - Updater plugin is busy. [1/15]
2021-11-23 00:14:19,990 [INFO] ServerAccessManage:362 - Download File mcusDocs.json._tmp_
2021-11-23 00:14:20,276 [INFO] LoadUrlFilesThread:145 - End of LoadUrlFiles Thread
2021-11-23 00:14:20,769 [INFO] ServerAccessManage:362 - Download File mcusFeaturesAndDescription.json._tmp_
2021-11-23 00:14:22,316 [WARN] MainUpdater:1122 - Updater busy. Cannot search thirdparties
2021-11-23 00:14:22,316 [INFO] ThirdPartyUpdaterWithRetryManager:92 - Updater plugin is busy. [2/15]
2021-11-23 00:14:23,581 [INFO] LoadUrlFilesThread:145 - End of LoadUrlFiles Thread
2021-11-23 00:14:24,074 [INFO] ServerAccessManage:362 - Download File boardsDocs.json._tmp_
2021-11-23 00:14:24,202 [INFO] LoadUrlFilesThread:145 - End of LoadUrlFiles Thread
2021-11-23 00:14:24,721 [INFO] ServerAccessManage:362 - Download File boards.json._tmp_
2021-11-23 00:14:25,095 [INFO] LoadUrlFilesThread:145 - End of LoadUrlFiles Thread
2021-11-23 00:14:25,321 [WARN] MainUpdater:1122 - Updater busy. Cannot search thirdparties
2021-11-23 00:14:25,321 [INFO] ThirdPartyUpdaterWithRetryManager:92 - Updater plugin is busy. [3/15]
2021-11-23 00:14:25,329 [INFO] ServerAccessManage:362 - Download File cube-finder-db.zip
2021-11-23 00:14:28,200 [INFO] FileExtend:235 - Unzip File : cube-finder-db.zip
2021-11-23 00:14:28,200 [INFO] FileExtend:250 - Standard Zip Deflate
2021-11-23 00:14:28,326 [WARN] MainUpdater:1122 - Updater busy. Cannot search thirdparties
2021-11-23 00:14:28,326 [INFO] ThirdPartyUpdaterWithRetryManager:92 - Updater plugin is busy. [4/15]
2021-11-23 00:14:28,894 [INFO] LoadUrlFilesThread:145 - End of LoadUrlFiles Thread
2021-11-23 00:14:29,482 [INFO] ServerAccessManage:362 - Download File crdb.zip
2021-11-23 00:14:30,122 [INFO] FileExtend:235 - Unzip File : crdb.zip
2021-11-23 00:14:30,123 [INFO] FileExtend:250 - Standard Zip Deflate
2021-11-23 00:14:30,257 [INFO] LoadUrlFilesThread:145 - End of LoadUrlFiles Thread
2021-11-23 00:14:30,495 [INFO] ServerAccessManage:362 - Download File tutoVideoDB.zip
2021-11-23 00:14:30,563 [INFO] FileExtend:235 - Unzip File : tutoVideoDB.zip
2021-11-23 00:14:30,563 [INFO] FileExtend:250 - Standard Zip Deflate
2021-11-23 00:14:30,690 [INFO] LoadUrlFilesThread:145 - End of LoadUrlFiles Thread
2021-11-23 00:14:30,691 [INFO] DbMcusAds:47 - JSON generation date=Thu Sep 30 12:55:09 ALMT 2021 (1632984909265)
2021-11-23 00:14:30,716 [INFO] DbMcusDocs:143 - JSON generation date=Fri Oct 29 13:56:29 ALMT 2021 (1635494189)
2021-11-23 00:14:30,717 [INFO] DbMcusXml:100 - Load MCU database from C:\ST\STM32CubeIDE_1.7.0\STM32CubeIDE\plugins\com.st.stm32cube.common.mx_6.3.0.202107141111\\db\/mcu/families.xml
2021-11-23 00:14:31,600 [WARN] PackLoader:238 - Cannot read IP mode file for STMicroelectronics.X-CUBE-BLE1.6.2.2
2021-11-23 00:14:31,610 [WARN] PackLoader:238 - Cannot read IP mode file for STMicroelectronics.X-CUBE-BLE2.3.2.2
2021-11-23 00:14:31,625 [WARN] PackLoader:238 - Cannot read IP mode file for STMicroelectronics.X-CUBE-NFC4.2.0.3
2021-11-23 00:14:31,648 [WARN] PackLoader:238 - Cannot read IP mode file for STMicroelectronics.X-CUBE-SFXS2LP1.3.1.0
2021-11-23 00:14:31,790 [WARN] PackLoader:238 - Cannot read IP mode file for STMicroelectronics.X-CUBE-AZRTOS-F4.1.0.0
2021-11-23 00:14:31,816 [WARN] PackLoader:238 - Cannot read IP mode file for STMicroelectronics.X-CUBE-TOF1.2.0.0
2021-11-23 00:14:31,845 [WARN] PackLoader:238 - Cannot read IP mode file for STMicroelectronics.X-CUBE-SUBG2.4.2.0
2021-11-23 00:14:31,870 [WARN] PackLoader:238 - Cannot read IP mode file for STMicroelectronics.X-CUBE-ALGOBUILD.1.2.1
2021-11-23 00:14:31,878 [WARN] PackLoader:238 - Cannot read IP mode file for STMicroelectronics.X-CUBE-TOUCHGFX.4.18.0
2021-11-23 00:14:31,883 [WARN] PackLoader:238 - Cannot read IP mode file for wolfSSL.I-CUBE-wolfSSL.5.0.0
2021-11-23 00:14:31,897 [WARN] PackLoader:238 - Cannot read IP mode file for RoweBots.I-CUBE-UNISONRTOS.5.5.0-4
2021-11-23 00:14:32,085 [WARN] PackLoader:238 - Cannot read IP mode file for SEGGER.I-CUBE-embOS.1.2.0
2021-11-23 00:14:32,135 [INFO] DbMcusJson:93 - JSON generation date=Fri Oct 29 13:56:29 ALMT 2021 (1635494189)
2021-11-23 00:14:32,257 [WARN] PackLoader:238 - Cannot read IP mode file for STMicroelectronics.X-CUBE-AZRTOS-H7.2.0.0
2021-11-23 00:14:32,313 [WARN] PackLoader:238 - Cannot read IP mode file for STMicroelectronics.X-CUBE-AZRTOS-L4.1.0.0
2021-11-23 00:14:32,424 [WARN] PackLoader:238 - Cannot read IP mode file for STMicroelectronics.X-CUBE-MEMS1.9.1.0
2021-11-23 00:14:32,768 [WARN] PackLoader:238 - Cannot read IP mode file for STMicroelectronics.X-CUBE-ALS.1.0.1
2021-11-23 00:14:32,778 [WARN] PackLoader:238 - Cannot read IP mode file for STMicroelectronics.X-CUBE-AI.7.0.0
2021-11-23 00:14:32,786 [WARN] PackLoader:238 - Cannot read IP mode file for STMicroelectronics.X-CUBE-EEPRMA1.3.1.0
2021-11-23 00:14:32,795 [WARN] PackLoader:238 - Cannot read IP mode file for STMicroelectronics.X-CUBE-GNSS1.5.2.0
2021-11-23 00:14:32,803 [WARN] PackLoader:238 - Cannot read IP mode file for STMicroelectronics.X-CUBE-DISPLAY.2.0.0
2021-11-23 00:14:32,805 [INFO] ThirdParty:915 - Integrity check success = true
2021-11-23 00:14:32,805 [INFO] IntegrityCheckThread:94 - exiting critical section [integrity check]
2021-11-23 00:14:32,805 [INFO] IntegrityCheckThread:97 - End integrity checks thread
2021-11-23 00:14:33,390 [INFO] DbMcus:175 - Found 1951 MCUs (1903 are supported by CubeMX, 1905 are visible in CubeMX)
2021-11-23 00:14:33,391 [INFO] ApiDb:242 - User favorites file not found: C:\Users\Àðò¸ì/.stm32cubeide/favorites.mcus.txt
2021-11-23 00:14:33,391 [INFO] DbMcus:187 - Set 0 / 0 favorites MCUs
2021-11-23 00:14:34,200 [INFO] DbMcusDocs:79 - Found 682 MCUs documents
2021-11-23 00:14:34,203 [INFO] ApiDb:276 - Save user favorites file C:\Users\Àðò¸ì/.stm32cubeide/favorites.mcus.txt: 0 item(s)
2021-11-23 00:14:34,203 [INFO] ApiDb:280 - User favorites MCUs=[]
2021-11-23 00:14:34,203 [INFO] DbMcusXml:100 - Load MCU database from C:\ST\STM32CubeIDE_1.7.0\STM32CubeIDE\plugins\com.st.stm32cube.common.mx_6.3.0.202107141111\\db\/mcu/families.xml
2021-11-23 00:14:35,460 [INFO] DbMcusJson:93 - JSON generation date=Fri Oct 29 13:56:29 ALMT 2021 (1635494189)
2021-11-23 00:14:36,502 [INFO] DbMcus:175 - Found 1951 MCUs (1903 are supported by CubeMX, 1905 are visible in CubeMX)
2021-11-23 00:14:36,503 [INFO] ApiDb:251 - Load user favorites file C:\Users\Àðò¸ì/.stm32cubeide/favorites.mcus.txt: 0 item(s)
2021-11-23 00:14:36,503 [INFO] ApiDb:255 - User favorites MCUs=[]
2021-11-23 00:14:36,503 [INFO] DbMcus:187 - Set 0 / 0 favorites MCUs
2021-11-23 00:14:36,517 [INFO] DbBoardsDocs:143 - JSON generation date=Fri Oct 29 13:56:29 ALMT 2021 (1635494189)
2021-11-23 00:14:36,531 [INFO] DbBoardsPdsc:90 - Found 25 items
2021-11-23 00:14:36,535 [INFO] DbBoardsPdsc:90 - Found 9 items
2021-11-23 00:14:36,544 [INFO] DbBoardsPdsc:90 - Found 33 items
2021-11-23 00:14:36,546 [INFO] DbBoardsPdsc:90 - Found 1 items
2021-11-23 00:14:36,563 [INFO] DbBoardsPdsc:90 - Found 48 items
2021-11-23 00:14:36,579 [INFO] DbBoardsPdsc:90 - Found 43 items
2021-11-23 00:14:36,581 [INFO] DbBoardsPdsc:90 - Found 2 items
2021-11-23 00:14:36,584 [INFO] DbBoardsPdsc:90 - Found 5 items
2021-11-23 00:14:36,592 [WARN] DbBoardsPdsc:254 - Board STM32H7B3I-DK: unknown feature type=Audio, name=, username=Audio stereo codec with Headphone Amp (CS42L51-CNZ), n=1
2021-11-23 00:14:36,593 [WARN] DbBoardsPdsc:254 - Board STM32H735G-DK: unknown feature type=Audio, name=, username=Audio stereo codec with Headphone Amp (WM8994ECS/R), n=1
2021-11-23 00:14:36,596 [WARN] DbBoardsPdsc:254 - Board STM32H7B3I-EVAL: unknown feature type=Audio, name=, username=Multi-Channel Audio Codec (CS42L51-CNZ), n=1
2021-11-23 00:14:36,597 [WARN] DbBoardsPdsc:254 - Board STM32H7B3I-EVAL: unknown feature type=Meter, name=, username=Power-metering and Temperature-monitoring with sigma-delta modulators, n=1
2021-11-23 00:14:36,597 [WARN] DbBoardsPdsc:254 - Board STM32H7B3I-EVAL: unknown feature type=Motor, name=, username=Motor Control, n=1
2021-11-23 00:14:36,598 [WARN] DbBoardsPdsc:254 - Board STM32U575I-EV: unknown feature type=joystick, name=, username=4-direction joystick with selection button, n=1
2021-11-23 00:14:36,646 [INFO] DbBoardsJson:86 - JSON generation date=Fri Oct 29 13:56:29 ALMT 2021 (1635494189)
2021-11-23 00:14:36,659 [INFO] DbBoards:117 - Found 167 boards (163 are supported by CubeMX)
2021-11-23 00:14:36,663 [INFO] DbBoardsDocs:143 - JSON generation date=Fri Oct 29 13:56:29 ALMT 2021 (1635494189)
2021-11-23 00:14:36,671 [INFO] DbBoardsDocs:79 - Found 209 boards documents
2021-11-23 00:14:36,674 [WARN] DbBoards:127 - board B-L475E-IOT01A2 has no document id list !
2021-11-23 00:14:36,677 [WARN] DbBoards:127 - board NUCLEO-H743ZI has no document id list !
2021-11-23 00:14:36,679 [WARN] DbBoards:127 - board NUCLEO-WL55JC2 has no document id list !
2021-11-23 00:14:36,679 [WARN] DbBoards:127 - board P-NUCLEO-WB55-Nucleo has no document id list !
2021-11-23 00:14:36,679 [WARN] DbBoards:127 - board P-NUCLEO-WB55-USBDongle has no document id list !
2021-11-23 00:14:36,679 [WARN] DbBoards:127 - board STEVAL-BFA001V1B has no document id list !
2021-11-23 00:14:36,679 [WARN] DbBoards:127 - board STEVAL-BFA001V2B has no document id list !
2021-11-23 00:14:36,679 [WARN] DbBoards:127 - board STEVAL-IDP005V1 has no document id list !
2021-11-23 00:14:36,680 [WARN] DbBoards:127 - board STEVAL-IDP005V2 has no document id list !
2021-11-23 00:14:36,680 [WARN] DbBoards:127 - board STEVAL-MKSBOX1V1 has no document id list !
2021-11-23 00:14:36,680 [WARN] DbBoards:127 - board STEVAL-STWINKT1 has no document id list !
2021-11-23 00:14:36,680 [WARN] DbBoards:127 - board STEVAL-STWINKT1B has no document id list !
2021-11-23 00:14:36,680 [WARN] DbBoards:127 - board STM32439I-EVAL2 has no document id list !
2021-11-23 00:14:36,681 [WARN] DbBoards:127 - board STM32F401C-DISCO has no document id list !
2021-11-23 00:14:36,682 [WARN] DbBoards:127 - board STM32F769I-DISC1 has no document id list !
2021-11-23 00:14:36,683 [WARN] DbBoards:127 - board STM32G474E-EVAL1 has no document id list !
2021-11-23 00:14:36,683 [WARN] DbBoards:127 - board STM32H743I-EVAL2 has no document id list !
2021-11-23 00:14:36,684 [WARN] DbBoards:127 - board STM32H747I-DISC1 has no document id list !
2021-11-23 00:14:36,684 [WARN] DbBoards:127 - board STM32H753I-EVAL2 has no document id list !
2021-11-23 00:14:36,685 [WARN] DbBoards:127 - board STM32L-DISCOVERY has no document id list !
2021-11-23 00:14:36,912 [ERROR] DbBoards:189 - Image file not found for board B-U585I-IOT02A: C:\ST\STM32CubeIDE_1.7.0\STM32CubeIDE\plugins\com.st.stm32cube.common.mx_6.3.0.202107141111\\db\/plugins/mcufinder/images/boards/B-U585I-IOT02A_small.jpg
2021-11-23 00:14:39,271 [INFO] ApiDb:242 - User favorites file not found: C:\Users\Àðò¸ì/.stm32cubeide/favorites.boards.txt
2021-11-23 00:14:39,272 [INFO] DbBoards:206 - Set 0 / 0 favorites Boards
2021-11-23 00:14:39,276 [INFO] DbBoardsDocs:79 - Found 418 boards documents
2021-11-23 00:14:39,277 [INFO] ApiDb:276 - Save user favorites file C:\Users\Àðò¸ì/.stm32cubeide/favorites.boards.txt: 0 item(s)
2021-11-23 00:14:39,278 [INFO] ApiDb:280 - User favorites Boards=[]
2021-11-23 00:14:39,282 [INFO] DbBoardsPdsc:90 - Found 25 items
2021-11-23 00:14:39,284 [INFO] DbBoardsPdsc:90 - Found 9 items
2021-11-23 00:14:39,289 [INFO] DbBoardsPdsc:90 - Found 33 items
2021-11-23 00:14:39,291 [INFO] DbBoardsPdsc:90 - Found 1 items
2021-11-23 00:14:39,300 [INFO] DbBoardsPdsc:90 - Found 48 items
2021-11-23 00:14:39,308 [INFO] DbBoardsPdsc:90 - Found 43 items
2021-11-23 00:14:39,310 [INFO] DbBoardsPdsc:90 - Found 2 items
2021-11-23 00:14:39,313 [INFO] DbBoardsPdsc:90 - Found 5 items
2021-11-23 00:14:39,318 [WARN] DbBoardsPdsc:254 - Board STM32H7B3I-DK: unknown feature type=Audio, name=, username=Audio stereo codec with Headphone Amp (CS42L51-CNZ), n=1
2021-11-23 00:14:39,319 [WARN] DbBoardsPdsc:254 - Board STM32H735G-DK: unknown feature type=Audio, name=, username=Audio stereo codec with Headphone Amp (WM8994ECS/R), n=1
2021-11-23 00:14:39,321 [WARN] DbBoardsPdsc:254 - Board STM32H7B3I-EVAL: unknown feature type=Audio, name=, username=Multi-Channel Audio Codec (CS42L51-CNZ), n=1
2021-11-23 00:14:39,322 [WARN] DbBoardsPdsc:254 - Board STM32H7B3I-EVAL: unknown feature type=Meter, name=, username=Power-metering and Temperature-monitoring with sigma-delta modulators, n=1
2021-11-23 00:14:39,322 [WARN] DbBoardsPdsc:254 - Board STM32H7B3I-EVAL: unknown feature type=Motor, name=, username=Motor Control, n=1
2021-11-23 00:14:39,323 [WARN] DbBoardsPdsc:254 - Board STM32U575I-EV: unknown feature type=joystick, name=, username=4-direction joystick with selection button, n=1
2021-11-23 00:14:39,349 [INFO] DbBoardsJson:86 - JSON generation date=Fri Oct 29 13:56:29 ALMT 2021 (1635494189)
2021-11-23 00:14:39,356 [INFO] DbBoards:117 - Found 167 boards (163 are supported by CubeMX)
2021-11-23 00:14:39,357 [WARN] DbBoards:127 - board B-L475E-IOT01A2 has no document id list !
2021-11-23 00:14:39,358 [WARN] DbBoards:127 - board NUCLEO-H743ZI has no document id list !
2021-11-23 00:14:39,359 [WARN] DbBoards:127 - board NUCLEO-WL55JC2 has no document id list !
2021-11-23 00:14:39,359 [WARN] DbBoards:127 - board P-NUCLEO-WB55-Nucleo has no document id list !
2021-11-23 00:14:39,359 [WARN] DbBoards:127 - board P-NUCLEO-WB55-USBDongle has no document id list !
2021-11-23 00:14:39,359 [WARN] DbBoards:127 - board STEVAL-BFA001V1B has no document id list !
2021-11-23 00:14:39,359 [WARN] DbBoards:127 - board STEVAL-BFA001V2B has no document id list !
2021-11-23 00:14:39,359 [WARN] DbBoards:127 - board STEVAL-IDP005V1 has no document id list !
2021-11-23 00:14:39,359 [WARN] DbBoards:127 - board STEVAL-IDP005V2 has no document id list !
2021-11-23 00:14:39,359 [WARN] DbBoards:127 - board STEVAL-MKSBOX1V1 has no document id list !
2021-11-23 00:14:39,359 [WARN] DbBoards:127 - board STEVAL-STWINKT1 has no document id list !
2021-11-23 00:14:39,359 [WARN] DbBoards:127 - board STEVAL-STWINKT1B has no document id list !
2021-11-23 00:14:39,360 [WARN] DbBoards:127 - board STM32439I-EVAL2 has no document id list !
2021-11-23 00:14:39,360 [WARN] DbBoards:127 - board STM32F401C-DISCO has no document id list !
2021-11-23 00:14:39,360 [WARN] DbBoards:127 - board STM32F769I-DISC1 has no document id list !
2021-11-23 00:14:39,360 [WARN] DbBoards:127 - board STM32G474E-EVAL1 has no document id list !
2021-11-23 00:14:39,360 [WARN] DbBoards:127 - board STM32H743I-EVAL2 has no document id list !
2021-11-23 00:14:39,360 [WARN] DbBoards:127 - board STM32H747I-DISC1 has no document id list !
2021-11-23 00:14:39,360 [WARN] DbBoards:127 - board STM32H753I-EVAL2 has no document id list !
2021-11-23 00:14:39,361 [WARN] DbBoards:127 - board STM32L-DISCOVERY has no document id list !
2021-11-23 00:14:39,481 [ERROR] DbBoards:189 - Image file not found for board B-U585I-IOT02A: C:\ST\STM32CubeIDE_1.7.0\STM32CubeIDE\plugins\com.st.stm32cube.common.mx_6.3.0.202107141111\\db\/plugins/mcufinder/images/boards/B-U585I-IOT02A_small.jpg
2021-11-23 00:14:41,219 [INFO] ApiDb:251 - Load user favorites file C:\Users\Àðò¸ì/.stm32cubeide/favorites.boards.txt: 0 item(s)
2021-11-23 00:14:41,219 [INFO] ApiDb:255 - User favorites Boards=[]
2021-11-23 00:14:41,219 [INFO] DbBoards:206 - Set 0 / 0 favorites Boards
2021-11-23 00:14:41,705 [INFO] ServerAccessManage:362 - Download File 
2021-11-23 00:14:42,010 [INFO] LoadUrlFilesThread:172 - End of LoadServerUrlFiles without Thread
2021-11-23 00:14:42,011 [INFO] TargetSelectorAdapter:224 - Refresh data is successful
2021-11-23 00:14:42,124 [INFO] ApiDb:479 - Connected to CubeFinder SQLite database (C:\Users\Àðò¸ì\.stmcufinder\plugins\mcufinder\mcu\cube-finder-db.db)
2021-11-23 00:14:43,329 [INFO] DbExamplesSqlite:411 - Ignored 16 examples not supported by CubeIDE
2021-11-23 00:14:43,329 [INFO] DbExamplesSqlite:412 - Found 5811 examples active
2021-11-23 00:14:43,329 [INFO] DbExamplesSqlite:413 - Found 0 examples obsolete
2021-11-23 00:14:43,330 [INFO] DbExamplesSqlite:414 - Found 0 examples under development
2021-11-23 00:14:43,330 [INFO] DbExamplesSqlite:415 - Found 83 examples not building
2021-11-23 00:14:43,356 [INFO] DbExamplesSqlite:108 - CubeFinder database Data Model version=2.1
2021-11-23 00:14:43,356 [INFO] DbExamplesSqlite:109 - CubeFinder database Configuration version=3.0.14
2021-11-23 00:14:43,356 [INFO] DbExamplesSqlite:110 - CubeFinder database generation date=2021-10-26 (1635247417)
2021-11-23 00:14:43,356 [INFO] DbExamplesSqlite:111 - CubeFinder database FW Pack versions=[STM32Cube_FW_F4_V1.26.2, STM32Cube_FW_F7_V1.16.1, STM32Cube_FW_G0_V1.5.0, STM32Cube_FW_G4_V1.4.0, STM32Cube_FW_H7_V1.9.0, STM32Cube_FW_L5_V1.4.0, STM32Cube_FW_U5_V1.0.2, STM32Cube_FW_WB_V1.12.1, STM32Cube_FW_WL_V1.1.0, X-CUBE-ALS_V1.0.1, X-CUBE-AZRTOS-F4_V1.0.0, X-CUBE-AZRTOS-H7_V2.0.0, X-CUBE-AZRTOS-L4_V1.0.0, X-CUBE-BLE1_V6.2.1, X-CUBE-BLE2_V3.2.1, X-CUBE-EEPRMA1_V3.1.0, X-CUBE-GNSS1_V5.2.0, X-CUBE-NFC4_V2.0.3, X-CUBE-SFXS2LP1_V3.1.0, X-CUBE-SUBG2_V4.2.0]
2021-11-23 00:14:43,357 [INFO] DbExamples:130 - Found 5878 examples
2021-11-23 00:14:44,467 [ERROR] DbExamples:206 - Found 5878 examples with invalid data (board or MCU)
2021-11-23 00:14:44,468 [INFO] DbExamples:222 - Found 74 boards with related examples
2021-11-23 00:14:44,468 [INFO] DbExamples:235 - Found 0 MCUs with related examples
2021-11-23 00:14:44,493 [INFO] ApiDb:242 - User favorites file not found: C:\Users\Àðò¸ì/.stm32cubeide/favorites.examples.txt
2021-11-23 00:14:44,493 [INFO] DbExamples:256 - Set 0 / 0 favorites Examples
2021-11-23 00:14:44,680 [INFO] McuFinderGlobals:52 - Set McuFinderConnectedMode to false
2021-11-23 00:14:44,916 [INFO] CrossSelectorPresenter:1330 - Cross Selector saved comparison directory: C:\Users\Àðò¸ì\.stmcufinder\plugins\mcufinder\mcu\cs_comparisons_mx
2021-11-23 00:14:44,937 [INFO] MultiScanPanel:197 - Auto-refresh data requested => check proxy status ongoing
2021-11-23 00:14:44,937 [INFO] MultiScanPanel:201 - Proxy status is invalid
2021-11-23 00:14:44,951 [INFO] FinderPluginLoader:87 - Searching for filters in installed packs
2021-11-23 00:14:46,069 [INFO] DetailPanel:309 - Set advertising image to C:/Users/Àðò¸ì/STM32Cube/Repository/\en.Prom_NBSTM32U50921.jpg
2021-11-23 00:14:47,276 [INFO] MultiScanPanel:197 - Auto-refresh data requested => check proxy status ongoing
2021-11-23 00:14:47,276 [INFO] MultiScanPanel:201 - Proxy status is invalid
2021-11-23 00:14:47,344 [INFO] DetailPanel:309 - Set advertising image to C:/Users/Àðò¸ì/STM32Cube/Repository/\en.Prom_NBSTM32U50921.jpg
2021-11-23 00:14:47,519 [INFO] MultiScanPanel:197 - Auto-refresh data requested => check proxy status ongoing
2021-11-23 00:14:47,519 [INFO] MultiScanPanel:201 - Proxy status is invalid
2021-11-23 00:14:47,534 [INFO] SoftwarePacks:121 - Download is needed for SW pack 'STM32Cube_FW_F4_V1.26.2'
2021-11-23 00:14:47,538 [INFO] SoftwarePacks:121 - Download is needed for SW pack 'STM32Cube_FW_F7_V1.16.1'
2021-11-23 00:14:47,542 [INFO] SoftwarePacks:121 - Download is needed for SW pack 'STM32Cube_FW_G0_V1.5.0'
2021-11-23 00:14:47,546 [INFO] SoftwarePacks:121 - Download is needed for SW pack 'STM32Cube_FW_G4_V1.4.0'
2021-11-23 00:14:47,551 [INFO] SoftwarePacks:121 - Download is needed for SW pack 'STM32Cube_FW_H7_V1.9.0'
2021-11-23 00:14:47,555 [INFO] SoftwarePacks:121 - Download is needed for SW pack 'STM32Cube_FW_L5_V1.4.0'
2021-11-23 00:14:47,580 [INFO] SoftwarePacks:121 - Download is needed for SW pack 'STM32Cube_FW_U5_V1.0.2'
2021-11-23 00:14:47,583 [INFO] SoftwarePacks:121 - Download is needed for SW pack 'STM32Cube_FW_WB_V1.12.1'
2021-11-23 00:14:47,586 [INFO] SoftwarePacks:121 - Download is needed for SW pack 'STM32Cube_FW_WL_V1.1.0'
2021-11-23 00:14:47,587 [INFO] SoftwarePacks:121 - Download is needed for SW pack 'X-CUBE-ALS_V1.0.1'
2021-11-23 00:14:47,587 [INFO] SoftwarePacks:121 - Download is needed for SW pack 'X-CUBE-AZRTOS-F4_V1.0.0'
2021-11-23 00:14:47,587 [INFO] SoftwarePacks:121 - Download is needed for SW pack 'X-CUBE-AZRTOS-H7_V2.0.0'
2021-11-23 00:14:47,587 [INFO] SoftwarePacks:121 - Download is needed for SW pack 'X-CUBE-AZRTOS-L4_V1.0.0'
2021-11-23 00:14:47,587 [INFO] SoftwarePacks:121 - Download is needed for SW pack 'X-CUBE-BLE1_V6.2.1'
2021-11-23 00:14:47,587 [INFO] SoftwarePacks:121 - Download is needed for SW pack 'X-CUBE-BLE2_V3.2.1'
2021-11-23 00:14:47,588 [INFO] SoftwarePacks:121 - Download is needed for SW pack 'X-CUBE-EEPRMA1_V3.1.0'
2021-11-23 00:14:47,588 [INFO] SoftwarePacks:121 - Download is needed for SW pack 'X-CUBE-GNSS1_V5.2.0'
2021-11-23 00:14:47,588 [INFO] SoftwarePacks:121 - Download is needed for SW pack 'X-CUBE-NFC4_V2.0.3'
2021-11-23 00:14:47,588 [INFO] SoftwarePacks:121 - Download is needed for SW pack 'X-CUBE-SFXS2LP1_V3.1.0'
2021-11-23 00:14:47,588 [INFO] SoftwarePacks:121 - Download is needed for SW pack 'X-CUBE-SUBG2_V4.2.0'
2021-11-23 00:14:50,142 [INFO] DetailPanel:309 - Set advertising image to C:/Users/Àðò¸ì/STM32Cube/Repository/\en.Prom_NBSTM32U50921.jpg
2021-11-23 00:15:07,995 [ERROR] LogOutputStream:74 - [STDERR_REDIRECT] Exception in thread "AWT-EventQueue-0" java.lang.NullPointerException
2021-11-23 00:15:08,000 [ERROR] LogOutputStream:74 - [STDERR_REDIRECT] 	at com.st.stm32cube.common.mx.targetselector.TargetSelectorAdapter$6.run(TargetSelectorAdapter.java:310)
2021-11-23 00:15:08,004 [ERROR] LogOutputStream:74 - [STDERR_REDIRECT] 	at com.st.stm32cube.common.mx.oss.core.awtswtbridge.AwtEnvironment$2.run(AwtEnvironment.java:166)
2021-11-23 00:15:08,008 [ERROR] LogOutputStream:74 - [STDERR_REDIRECT] 	at java.desktop/java.awt.event.InvocationEvent.dispatch(InvocationEvent.java:313)
2021-11-23 00:15:08,013 [ERROR] LogOutputStream:74 - [STDERR_REDIRECT] 	at java.desktop/java.awt.EventQueue.dispatchEventImpl(EventQueue.java:770)
2021-11-23 00:15:08,017 [ERROR] LogOutputStream:74 - [STDERR_REDIRECT] 	at java.desktop/java.awt.EventQueue$4.run(EventQueue.java:721)
2021-11-23 00:15:08,020 [ERROR] LogOutputStream:74 - [STDERR_REDIRECT] 	at java.desktop/java.awt.EventQueue$4.run(EventQueue.java:715)
2021-11-23 00:15:08,024 [ERROR] LogOutputStream:74 - [STDERR_REDIRECT] 	at java.base/java.security.AccessController.doPrivileged(Native Method)
2021-11-23 00:15:08,030 [ERROR] LogOutputStream:74 - [STDERR_REDIRECT] 	at java.base/java.security.ProtectionDomain$JavaSecurityAccessImpl.doIntersectionPrivilege(ProtectionDomain.java:85)
2021-11-23 00:15:08,032 [ERROR] LogOutputStream:74 - [STDERR_REDIRECT] 	at java.desktop/java.awt.EventQueue.dispatchEvent(EventQueue.java:740)
2021-11-23 00:15:08,036 [ERROR] LogOutputStream:74 - [STDERR_REDIRECT] 	at java.desktop/java.awt.EventDispatchThread.pumpOneEventForFilters(EventDispatchThread.java:203)
2021-11-23 00:15:08,040 [ERROR] LogOutputStream:74 - [STDERR_REDIRECT] 	at java.desktop/java.awt.EventDispatchThread.pumpEventsForFilter(EventDispatchThread.java:124)
2021-11-23 00:15:08,045 [ERROR] LogOutputStream:74 - [STDERR_REDIRECT] 	at java.desktop/java.awt.EventDispatchThread.pumpEventsForHierarchy(EventDispatchThread.java:113)
2021-11-23 00:15:08,048 [ERROR] LogOutputStream:74 - [STDERR_REDIRECT] 	at java.desktop/java.awt.EventDispatchThread.pumpEvents(EventDispatchThread.java:109)
2021-11-23 00:15:08,052 [ERROR] LogOutputStream:74 - [STDERR_REDIRECT] 	at java.desktop/java.awt.EventDispatchThread.pumpEvents(EventDispatchThread.java:101)
2021-11-23 00:15:08,055 [ERROR] LogOutputStream:74 - [STDERR_REDIRECT] 	at java.desktop/java.awt.EventDispatchThread.run(EventDispatchThread.java:90)
2021-11-23 00:15:08,058 [ERROR] LogOutputStream:74 - [STDERR_REDIRECT] Exception in thread "AWT-EventQueue-0" java.lang.NullPointerException
2021-11-23 00:15:08,063 [ERROR] LogOutputStream:74 - [STDERR_REDIRECT] 	at com.st.stm32cube.common.mx.targetselector.TargetSelectorAdapter$6.run(TargetSelectorAdapter.java:310)
2021-11-23 00:15:08,069 [ERROR] LogOutputStream:74 - [STDERR_REDIRECT] 	at com.st.stm32cube.common.mx.oss.core.awtswtbridge.AwtEnvironment$2.run(AwtEnvironment.java:166)
2021-11-23 00:15:08,072 [ERROR] LogOutputStream:74 - [STDERR_REDIRECT] 	at java.desktop/java.awt.event.InvocationEvent.dispatch(InvocationEvent.java:313)
2021-11-23 00:15:08,075 [ERROR] LogOutputStream:74 - [STDERR_REDIRECT] 	at java.desktop/java.awt.EventQueue.dispatchEventImpl(EventQueue.java:770)
2021-11-23 00:15:08,077 [ERROR] LogOutputStream:74 - [STDERR_REDIRECT] 	at java.desktop/java.awt.EventQueue$4.run(EventQueue.java:721)
2021-11-23 00:15:08,079 [ERROR] LogOutputStream:74 - [STDERR_REDIRECT] 	at java.desktop/java.awt.EventQueue$4.run(EventQueue.java:715)
2021-11-23 00:15:08,081 [ERROR] LogOutputStream:74 - [STDERR_REDIRECT] 	at java.base/java.security.AccessController.doPrivileged(Native Method)
2021-11-23 00:15:08,084 [ERROR] LogOutputStream:74 - [STDERR_REDIRECT] 	at java.base/java.security.ProtectionDomain$JavaSecurityAccessImpl.doIntersectionPrivilege(ProtectionDomain.java:85)
2021-11-23 00:15:08,086 [ERROR] LogOutputStream:74 - [STDERR_REDIRECT] 	at java.desktop/java.awt.EventQueue.dispatchEvent(EventQueue.java:740)
2021-11-23 00:15:08,089 [ERROR] LogOutputStream:74 - [STDERR_REDIRECT] 	at java.desktop/java.awt.EventDispatchThread.pumpOneEventForFilters(EventDispatchThread.java:203)
2021-11-23 00:15:08,092 [ERROR] LogOutputStream:74 - [STDERR_REDIRECT] 	at java.desktop/java.awt.EventDispatchThread.pumpEventsForFilter(EventDispatchThread.java:124)
2021-11-23 00:15:08,095 [ERROR] LogOutputStream:74 - [STDERR_REDIRECT] 	at java.desktop/java.awt.EventDispatchThread.pumpEventsForHierarchy(EventDispatchThread.java:113)
2021-11-23 00:15:08,098 [ERROR] LogOutputStream:74 - [STDERR_REDIRECT] 	at java.desktop/java.awt.EventDispatchThread.pumpEvents(EventDispatchThread.java:109)
2021-11-23 00:15:08,100 [ERROR] LogOutputStream:74 - [STDERR_REDIRECT] 	at java.desktop/java.awt.EventDispatchThread.pumpEvents(EventDispatchThread.java:101)
2021-11-23 00:15:08,103 [ERROR] LogOutputStream:74 - [STDERR_REDIRECT] 	at java.desktop/java.awt.EventDispatchThread.run(EventDispatchThread.java:90)
2021-11-23 00:17:09,930 [INFO] Activator:177 - 


2021-11-23 00:17:09,932 [INFO] Activator:178 - !SESSION log4j initialized
